<?xml version="1.0" encoding="UTF-8"?>
<!-- Generated by org.testng.reporters.JUnitXMLReporter -->
<testsuite ignored="1" hostname="Raghav" failures="0" tests="1" name="OpenCart Test" time="6.651" errors="0" timestamp="2026-08-02T13:05:36 IST">
  <testcase classname="testCases.LoginTest" name="test_Login" time="2.501"/>
  <testcase classname="testCases.AccountRegistrationtTest" name="test_account_Registration" time="0.0">
    <ignored/>
  </testcase> <!-- test_account_Registration -->
</testsuite> <!-- OpenCart Test -->
