<?xml version="1.0" encoding="UTF-8"?>
<testng-results ignored="0" total="2" passed="2" failed="0" skipped="0">
  <reporter-output>
  </reporter-output>
  <suite started-at="2026-08-02T23:21:16 IST" name="Suite" finished-at="2026-08-02T23:21:29 IST" duration-ms="13192">
    <groups>
      <group name="regression">
        <method signature="AccountRegistrationtTest.test_account_Registration()[pri:0, instance:testCases.AccountRegistrationtTest@16d04d3d]" name="test_account_Registration" class="testCases.AccountRegistrationtTest"/>
      </group> <!-- regression -->
      <group name="sanity">
        <method signature="LoginTest.verify_login()[pri:0, instance:testCases.LoginTest@436813f3]" name="verify_login" class="testCases.LoginTest"/>
      </group> <!-- sanity -->
      <group name="master">
        <method signature="AccountRegistrationtTest.test_account_Registration()[pri:0, instance:testCases.AccountRegistrationtTest@16d04d3d]" name="test_account_Registration" class="testCases.AccountRegistrationtTest"/>
        <method signature="LoginTest.verify_login()[pri:0, instance:testCases.LoginTest@436813f3]" name="verify_login" class="testCases.LoginTest"/>
      </group> <!-- master -->
    </groups>
    <test started-at="2026-08-02T23:21:16 IST" name="Test" finished-at="2026-08-02T23:21:29 IST" duration-ms="13192">
      <class name="testCases.LoginTest">
        <test-method is-config="true" signature="setup(java.lang.String,java.lang.String)[pri:0, instance:testCases.LoginTest@436813f3]" started-at="2026-08-02T23:21:25 IST" name="setup" finished-at="2026-08-02T23:21:27 IST" duration-ms="1931" status="PASS">
          <params>
            <param index="0">
              <value>
                <![CDATA[Windows]]>
              </value>
            </param>
            <param index="1">
              <value>
                <![CDATA[chrome]]>
              </value>
            </param>
          </params>
          <reporter-output>
          </reporter-output>
        </test-method> <!-- setup -->
        <test-method signature="verify_login()[pri:0, instance:testCases.LoginTest@436813f3]" started-at="2026-08-02T23:21:27 IST" name="verify_login" finished-at="2026-08-02T23:21:29 IST" duration-ms="2095" status="PASS">
          <reporter-output>
          </reporter-output>
        </test-method> <!-- verify_login -->
        <test-method is-config="true" signature="tearDown()[pri:0, instance:testCases.LoginTest@436813f3]" started-at="2026-08-02T23:21:29 IST" name="tearDown" finished-at="2026-08-02T23:21:29 IST" duration-ms="268" status="PASS">
          <reporter-output>
          </reporter-output>
        </test-method> <!-- tearDown -->
      </class> <!-- testCases.LoginTest -->
      <class name="testCases.AccountRegistrationtTest">
        <test-method is-config="true" signature="setup(java.lang.String,java.lang.String)[pri:0, instance:testCases.AccountRegistrationtTest@16d04d3d]" started-at="2026-08-02T23:21:16 IST" name="setup" finished-at="2026-08-02T23:21:20 IST" duration-ms="3194" status="PASS">
          <params>
            <param index="0">
              <value>
                <![CDATA[Windows]]>
              </value>
            </param>
            <param index="1">
              <value>
                <![CDATA[chrome]]>
              </value>
            </param>
          </params>
          <reporter-output>
          </reporter-output>
        </test-method> <!-- setup -->
        <test-method signature="test_account_Registration()[pri:0, instance:testCases.AccountRegistrationtTest@16d04d3d]" started-at="2026-08-02T23:21:20 IST" name="test_account_Registration" finished-at="2026-08-02T23:21:25 IST" duration-ms="4962" status="PASS">
          <reporter-output>
          </reporter-output>
        </test-method> <!-- test_account_Registration -->
        <test-method is-config="true" signature="tearDown()[pri:0, instance:testCases.AccountRegistrationtTest@16d04d3d]" started-at="2026-08-02T23:21:25 IST" name="tearDown" finished-at="2026-08-02T23:21:25 IST" duration-ms="325" status="PASS">
          <reporter-output>
          </reporter-output>
        </test-method> <!-- tearDown -->
      </class> <!-- testCases.AccountRegistrationtTest -->
    </test> <!-- Test -->
  </suite> <!-- Suite -->
</testng-results>
