<?xml version="1.0" encoding="UTF-8"?>
<testng-results ignored="0" total="1" passed="1" failed="0" skipped="0">
  <reporter-output>
  </reporter-output>
  <suite started-at="2026-08-02T13:54:17 IST" name="Failed suite [Suite]" finished-at="2026-08-02T13:54:23 IST" duration-ms="6063">
    <groups>
      <group name="sanity">
        <method signature="LoginTest.verify_login()[pri:0, instance:testCases.LoginTest@41a2befb]" name="verify_login" class="testCases.LoginTest"/>
      </group> <!-- sanity -->
      <group name="master">
        <method signature="LoginTest.verify_login()[pri:0, instance:testCases.LoginTest@41a2befb]" name="verify_login" class="testCases.LoginTest"/>
      </group> <!-- master -->
    </groups>
    <test started-at="2026-08-02T13:54:17 IST" name="Test(failed)" finished-at="2026-08-02T13:54:23 IST" duration-ms="6063">
      <class name="testCases.LoginTest">
        <test-method is-config="true" signature="setup(java.lang.String,java.lang.String)[pri:0, instance:testCases.LoginTest@41a2befb]" started-at="2026-08-02T13:54:17 IST" name="setup" finished-at="2026-08-02T13:54:21 IST" duration-ms="3452" status="PASS">
          <params>
            <param index="0">
              <value>
                <![CDATA[Windows]]>
              </value>
            </param>
            <param index="1">
              <value>
                <![CDATA[chrome]]>
              </value>
            </param>
          </params>
          <reporter-output>
          </reporter-output>
        </test-method> <!-- setup -->
        <test-method signature="verify_login()[pri:0, instance:testCases.LoginTest@41a2befb]" started-at="2026-08-02T13:54:21 IST" name="verify_login" finished-at="2026-08-02T13:54:23 IST" duration-ms="1935" status="PASS">
          <reporter-output>
          </reporter-output>
        </test-method> <!-- verify_login -->
        <test-method is-config="true" signature="tearDown()[pri:0, instance:testCases.LoginTest@41a2befb]" started-at="2026-08-02T13:54:23 IST" name="tearDown" finished-at="2026-08-02T13:54:23 IST" duration-ms="217" status="PASS">
          <reporter-output>
          </reporter-output>
        </test-method> <!-- tearDown -->
      </class> <!-- testCases.LoginTest -->
    </test> <!-- Test(failed) -->
  </suite> <!-- Failed suite [Suite] -->
</testng-results>
