<?xml version="1.0" encoding="UTF-8"?>
<!-- Generated by org.testng.reporters.JUnitReportReporter -->
<testsuite hostname="Raghav" failures="0" tests="5" name="testCases.LoginDDT" time="46.507" errors="0" timestamp="2026-08-02T13:20:23 IST" skipped="0">
  <testcase classname="testCases.LoginDDT" name="verify_loginDDT" time="12.333"/>
  <testcase classname="testCases.LoginDDT" name="verify_loginDDT" time="12.339"/>
  <testcase classname="testCases.LoginDDT" name="verify_loginDDT" time="3.616"/>
  <testcase classname="testCases.LoginDDT" name="verify_loginDDT" time="3.383"/>
  <testcase classname="testCases.LoginDDT" name="verify_loginDDT" time="14.836"/>
</testsuite> <!-- testCases.LoginDDT -->
